Build started 11/5/2013 4:13:17 PM.
     1>Project "C:\Users\acmca_000\Desktop\Projects\NetVisualization\NetVisualization\NetVisualization.vcxproj" on node 2 (Build target(s)).
     1>ClCompile:
         C:\Program Files (x86)\Microsoft Visual Studio 11.0\VC\bin\CL.exe /c /ZI /nologo /W3 /WX- /Od /Oy- /D WIN32 /D _DEBUG /D _WINDOWS /D _UNICODE /D UNICODE /Gm /EHsc /RTC1 /MDd /GS /fp:precise /Zc:wchar_t /Zc:forScope /Fo"Debug\\" /Fd"Debug\vc110.pdb" /FR"Debug\\" /Gd /TP /analyze- /errorReport:prompt ImageDataSet.cpp ImageDataSetFactory.cpp
         ImageDataSetFactory.cpp
         ImageDataSet.cpp
         Generating Code...
       Link:
         C:\Program Files (x86)\Microsoft Visual Studio 11.0\VC\bin\link.exe /ERRORREPORT:PROMPT /OUT:"C:\Users\acmca_000\Desktop\Projects\NetVisualization\Debug\NetVisualization.exe" /INCREMENTAL /NOLOGO glew32.lib glew32s.lib opengl32.lib kernel32.lib user32.lib gdi32.lib winspool.lib comdlg32.lib advapi32.lib shell32.lib ole32.lib oleaut32.lib uuid.lib odbc32.lib odbccp32.lib /MANIFEST /MANIFESTUAC:"level='asInvoker' uiAccess='false'" /manifest:embed /DEBUG /PDB:"C:\Users\acmca_000\Desktop\Projects\NetVisualization\Debug\NetVisualization.pdb" /SUBSYSTEM:CONSOLE /TLBID:1 /DYNAMICBASE /NXCOMPAT /IMPLIB:"C:\Users\acmca_000\Desktop\Projects\NetVisualization\Debug\NetVisualization.lib" /MACHINE:X86 SDL2.lib SDL2main.lib SDL2_mixer.lib Debug\NetVisualization.res
         Debug\ImageDataSet.obj
         Debug\ImageDataSetFactory.obj
         Debug\JsonLoader.obj
         Debug\LabelDataSet.obj
         Debug\LabelDataSetFactory.obj
         Debug\Main.obj
         Debug\SDLManager.obj
         lib\glew32.lib
         lib\glew32s.lib
         lib\SDL2.lib
         lib\SDL2main.lib
         lib\SDL2test.lib
         lib\SDL2_mixer.lib
         NetVisualization.vcxproj -> C:\Users\acmca_000\Desktop\Projects\NetVisualization\Debug\NetVisualization.exe
       BscMake:
         C:\Program Files (x86)\Microsoft Visual Studio 11.0\VC\bin\bscmake.exe /nologo /o"C:\Users\acmca_000\Desktop\Projects\NetVisualization\Debug\NetVisualization.bsc" /n Debug\ImageDataSet.sbr Debug\ImageDataSetFactory.sbr Debug\JsonLoader.sbr Debug\LabelDataSet.sbr Debug\LabelDataSetFactory.sbr Debug\Main.sbr Debug\SDLManager.sbr
     1>Done Building Project "C:\Users\acmca_000\Desktop\Projects\NetVisualization\NetVisualization\NetVisualization.vcxproj" (Build target(s)).

Build succeeded.

Time Elapsed 00:00:03.31
